<?xml version="1.0" encoding="UTF-8"?>
<coverage generated="1717712803520" clover="3.2.0">
  <project timestamp="1717712803520" name="All files">
    <metrics statements="24" coveredstatements="7" conditionals="16" coveredconditionals="0" methods="8" coveredmethods="1" elements="48" coveredelements="8" complexity="0" loc="24" ncloc="24" packages="1" files="2" classes="2"/>
    <file name="user-services.js" path="C:\Users\cgmap\Documents\cal poly\CutecoreHealth\packages\express-backend\user-services.js">
      <metrics statements="22" coveredstatements="5" conditionals="16" coveredconditionals="0" methods="8" coveredmethods="1"/>
      <line num="5" count="1" type="stmt"/>
      <line num="8" count="1" type="stmt"/>
      <line num="10" count="1" type="stmt"/>
      <line num="12" count="1" type="stmt"/>
      <line num="18" count="0" type="stmt"/>
      <line num="23" count="0" type="cond" truecount="0" falsecount="4"/>
      <line num="24" count="0" type="stmt"/>
      <line num="25" count="0" type="cond" truecount="0" falsecount="4"/>
      <line num="26" count="0" type="stmt"/>
      <line num="27" count="0" type="cond" truecount="0" falsecount="4"/>
      <line num="28" count="0" type="stmt"/>
      <line num="29" count="0" type="cond" truecount="0" falsecount="4"/>
      <line num="30" count="0" type="stmt"/>
      <line num="32" count="0" type="stmt"/>
      <line num="36" count="0" type="stmt"/>
      <line num="39" count="0" type="stmt"/>
      <line num="43" count="0" type="stmt"/>
      <line num="44" count="0" type="stmt"/>
      <line num="45" count="0" type="stmt"/>
      <line num="49" count="2" type="stmt"/>
      <line num="53" count="0" type="stmt"/>
      <line num="57" count="0" type="stmt"/>
    </file>
    <file name="user.js" path="C:\Users\cgmap\Documents\cal poly\CutecoreHealth\packages\express-backend\user.js">
      <metrics statements="2" coveredstatements="2" conditionals="0" coveredconditionals="0" methods="0" coveredmethods="0"/>
      <line num="3" count="1" type="stmt"/>
      <line num="27" count="1" type="stmt"/>
    </file>
  </project>
</coverage>
