{"C:\\Users\\cgmap\\Documents\\cal poly\\CutecoreHealth\\packages\\express-backend\\db.js": {"path":"C:\\Users\\cgmap\\Documents\\cal poly\\CutecoreHealth\\packages\\express-backend\\db.js","statementMap":{"0":{"start":{"line":3,"column":0},"end":{"line":3,"column":16}},"1":{"start":{"line":5,"column":12},"end":{"line":5,"column":35}},"2":{"start":{"line":8,"column":0},"end":{"line":8,"column":37}},"3":{"start":{"line":15,"column":18},"end":{"line":26,"column":1}},"4":{"start":{"line":16,"column":2},"end":{"line":25,"column":3}},"5":{"start":{"line":17,"column":4},"end":{"line":23,"column":5}},"6":{"start":{"line":18,"column":6},"end":{"line":20,"column":9}},"7":{"start":{"line":22,"column":6},"end":{"line":22,"column":68}},"8":{"start":{"line":24,"column":4},"end":{"line":24,"column":22}}},"fnMap":{"0":{"name":"(anonymous_0)","decl":{"start":{"line":15,"column":18},"end":{"line":15,"column":19}},"loc":{"start":{"line":15,"column":30},"end":{"line":26,"column":1}},"line":15}},"branchMap":{"0":{"loc":{"start":{"line":16,"column":2},"end":{"line":25,"column":3}},"type":"if","locations":[{"start":{"line":16,"column":2},"end":{"line":25,"column":3}},{"start":{},"end":{}}],"line":16}},"s":{"0":1,"1":1,"2":1,"3":1,"4":1,"5":1,"6":1,"7":0,"8":1},"f":{"0":1},"b":{"0":[1,0]},"inputSourceMap":null,"_coverageSchema":"1a1c01bbd47fc00a2c39e90264f33305004495a9","hash":"48435271325941eeadc01765212deb81cb445fdf"}
,"C:\\Users\\cgmap\\Documents\\cal poly\\CutecoreHealth\\packages\\express-backend\\user-services.js": {"path":"C:\\Users\\cgmap\\Documents\\cal poly\\CutecoreHealth\\packages\\express-backend\\user-services.js","statementMap":{"0":{"start":{"line":8,"column":0},"end":{"line":8,"column":28}},"1":{"start":{"line":11,"column":0},"end":{"line":11,"column":16}},"2":{"start":{"line":12,"column":0},"end":{"line":12,"column":18}},"3":{"start":{"line":14,"column":25},"end":{"line":14,"column":48}},"4":{"start":{"line":16,"column":0},"end":{"line":23,"column":5}},"5":{"start":{"line":22,"column":4},"end":{"line":22,"column":57}},"6":{"start":{"line":27,"column":2},"end":{"line":35,"column":3}},"7":{"start":{"line":28,"column":4},"end":{"line":28,"column":31}},"8":{"start":{"line":29,"column":9},"end":{"line":35,"column":3}},"9":{"start":{"line":30,"column":4},"end":{"line":30,"column":31}},"10":{"start":{"line":31,"column":9},"end":{"line":35,"column":3}},"11":{"start":{"line":32,"column":4},"end":{"line":32,"column":37}},"12":{"start":{"line":33,"column":9},"end":{"line":35,"column":3}},"13":{"start":{"line":34,"column":4},"end":{"line":34,"column":37}},"14":{"start":{"line":36,"column":2},"end":{"line":36,"column":17}},"15":{"start":{"line":40,"column":2},"end":{"line":42,"column":3}},"16":{"start":{"line":41,"column":4},"end":{"line":41,"column":47}},"17":{"start":{"line":44,"column":23},"end":{"line":44,"column":52}},"18":{"start":{"line":45,"column":2},"end":{"line":47,"column":3}},"19":{"start":{"line":46,"column":4},"end":{"line":46,"column":43}},"20":{"start":{"line":49,"column":25},"end":{"line":49,"column":56}},"21":{"start":{"line":51,"column":18},"end":{"line":54,"column":4}},"22":{"start":{"line":55,"column":2},"end":{"line":55,"column":23}},"23":{"start":{"line":56,"column":2},"end":{"line":56,"column":23}},"24":{"start":{"line":58,"column":2},"end":{"line":58,"column":17}},"25":{"start":{"line":62,"column":2},"end":{"line":62,"column":32}},"26":{"start":{"line":66,"column":2},"end":{"line":66,"column":42}},"27":{"start":{"line":70,"column":2},"end":{"line":70,"column":41}}},"fnMap":{"0":{"name":"(anonymous_0)","decl":{"start":{"line":21,"column":9},"end":{"line":21,"column":10}},"loc":{"start":{"line":21,"column":20},"end":{"line":23,"column":3}},"line":21},"1":{"name":"getUsers","decl":{"start":{"line":25,"column":9},"end":{"line":25,"column":17}},"loc":{"start":{"line":25,"column":31},"end":{"line":37,"column":1}},"line":25},"2":{"name":"addUser","decl":{"start":{"line":39,"column":15},"end":{"line":39,"column":22}},"loc":{"start":{"line":39,"column":40},"end":{"line":59,"column":1}},"line":39},"3":{"name":"findUserById","decl":{"start":{"line":61,"column":9},"end":{"line":61,"column":21}},"loc":{"start":{"line":61,"column":26},"end":{"line":63,"column":1}},"line":61},"4":{"name":"findUserByEmail","decl":{"start":{"line":65,"column":9},"end":{"line":65,"column":24}},"loc":{"start":{"line":65,"column":32},"end":{"line":67,"column":1}},"line":65},"5":{"name":"deleteUserById","decl":{"start":{"line":69,"column":9},"end":{"line":69,"column":23}},"loc":{"start":{"line":69,"column":28},"end":{"line":71,"column":1}},"line":69}},"branchMap":{"0":{"loc":{"start":{"line":27,"column":2},"end":{"line":35,"column":3}},"type":"if","locations":[{"start":{"line":27,"column":2},"end":{"line":35,"column":3}},{"start":{"line":29,"column":9},"end":{"line":35,"column":3}}],"line":27},"1":{"loc":{"start":{"line":27,"column":6},"end":{"line":27,"column":47}},"type":"binary-expr","locations":[{"start":{"line":27,"column":6},"end":{"line":27,"column":24}},{"start":{"line":27,"column":28},"end":{"line":27,"column":47}}],"line":27},"2":{"loc":{"start":{"line":29,"column":9},"end":{"line":35,"column":3}},"type":"if","locations":[{"start":{"line":29,"column":9},"end":{"line":35,"column":3}},{"start":{"line":31,"column":9},"end":{"line":35,"column":3}}],"line":29},"3":{"loc":{"start":{"line":29,"column":13},"end":{"line":29,"column":27}},"type":"binary-expr","locations":[{"start":{"line":29,"column":13},"end":{"line":29,"column":17}},{"start":{"line":29,"column":21},"end":{"line":29,"column":27}}],"line":29},"4":{"loc":{"start":{"line":31,"column":9},"end":{"line":35,"column":3}},"type":"if","locations":[{"start":{"line":31,"column":9},"end":{"line":35,"column":3}},{"start":{"line":33,"column":9},"end":{"line":35,"column":3}}],"line":31},"5":{"loc":{"start":{"line":31,"column":13},"end":{"line":31,"column":27}},"type":"binary-expr","locations":[{"start":{"line":31,"column":13},"end":{"line":31,"column":18}},{"start":{"line":31,"column":22},"end":{"line":31,"column":27}}],"line":31},"6":{"loc":{"start":{"line":33,"column":9},"end":{"line":35,"column":3}},"type":"if","locations":[{"start":{"line":33,"column":9},"end":{"line":35,"column":3}},{"start":{},"end":{}}],"line":33},"7":{"loc":{"start":{"line":33,"column":13},"end":{"line":33,"column":26}},"type":"binary-expr","locations":[{"start":{"line":33,"column":13},"end":{"line":33,"column":17}},{"start":{"line":33,"column":21},"end":{"line":33,"column":26}}],"line":33},"8":{"loc":{"start":{"line":40,"column":2},"end":{"line":42,"column":3}},"type":"if","locations":[{"start":{"line":40,"column":2},"end":{"line":42,"column":3}},{"start":{},"end":{}}],"line":40},"9":{"loc":{"start":{"line":40,"column":6},"end":{"line":40,"column":25}},"type":"binary-expr","locations":[{"start":{"line":40,"column":6},"end":{"line":40,"column":12}},{"start":{"line":40,"column":16},"end":{"line":40,"column":25}}],"line":40},"10":{"loc":{"start":{"line":45,"column":2},"end":{"line":47,"column":3}},"type":"if","locations":[{"start":{"line":45,"column":2},"end":{"line":47,"column":3}},{"start":{},"end":{}}],"line":45}},"s":{"0":1,"1":1,"2":1,"3":1,"4":1,"5":0,"6":1,"7":1,"8":0,"9":0,"10":0,"11":0,"12":0,"13":0,"14":1,"15":1,"16":0,"17":1,"18":1,"19":0,"20":1,"21":1,"22":1,"23":1,"24":1,"25":2,"26":1,"27":4},"f":{"0":0,"1":1,"2":1,"3":2,"4":1,"5":4},"b":{"0":[1,0],"1":[1,1],"2":[0,0],"3":[0,0],"4":[0,0],"5":[0,0],"6":[0,0],"7":[0,0],"8":[0,1],"9":[1,1],"10":[0,1]},"inputSourceMap":null,"_coverageSchema":"1a1c01bbd47fc00a2c39e90264f33305004495a9","hash":"9dd591fbe418aefba735e6d962f3bb4bd8d8075e"}
,"C:\\Users\\cgmap\\Documents\\cal poly\\CutecoreHealth\\packages\\express-backend\\schemas\\user.js": {"path":"C:\\Users\\cgmap\\Documents\\cal poly\\CutecoreHealth\\packages\\express-backend\\schemas\\user.js","statementMap":{"0":{"start":{"line":3,"column":19},"end":{"line":20,"column":1}},"1":{"start":{"line":22,"column":13},"end":{"line":22,"column":47}}},"fnMap":{},"branchMap":{},"s":{"0":1,"1":1},"f":{},"b":{},"inputSourceMap":null,"_coverageSchema":"1a1c01bbd47fc00a2c39e90264f33305004495a9","hash":"451f7556c9e3fbb6ce0f0a91ddf7503f7f5e054f"}
}
