{"C:\\Users\\cgmap\\Documents\\cal poly\\CutecoreHealth\\packages\\express-backend\\db.js": {"path":"C:\\Users\\cgmap\\Documents\\cal poly\\CutecoreHealth\\packages\\express-backend\\db.js","statementMap":{"0":{"start":{"line":3,"column":0},"end":{"line":3,"column":16}},"1":{"start":{"line":5,"column":12},"end":{"line":5,"column":35}},"2":{"start":{"line":8,"column":0},"end":{"line":8,"column":37}},"3":{"start":{"line":15,"column":18},"end":{"line":26,"column":1}},"4":{"start":{"line":16,"column":2},"end":{"line":25,"column":3}},"5":{"start":{"line":17,"column":4},"end":{"line":23,"column":5}},"6":{"start":{"line":18,"column":6},"end":{"line":20,"column":9}},"7":{"start":{"line":22,"column":6},"end":{"line":22,"column":68}},"8":{"start":{"line":24,"column":4},"end":{"line":24,"column":22}}},"fnMap":{"0":{"name":"(anonymous_0)","decl":{"start":{"line":15,"column":18},"end":{"line":15,"column":19}},"loc":{"start":{"line":15,"column":30},"end":{"line":26,"column":1}},"line":15}},"branchMap":{"0":{"loc":{"start":{"line":16,"column":2},"end":{"line":25,"column":3}},"type":"if","locations":[{"start":{"line":16,"column":2},"end":{"line":25,"column":3}},{"start":{},"end":{}}],"line":16}},"s":{"0":1,"1":1,"2":1,"3":1,"4":1,"5":1,"6":1,"7":0,"8":1},"f":{"0":1},"b":{"0":[1,0]},"inputSourceMap":null,"_coverageSchema":"1a1c01bbd47fc00a2c39e90264f33305004495a9","hash":"48435271325941eeadc01765212deb81cb445fdf"}
,"C:\\Users\\cgmap\\Documents\\cal poly\\CutecoreHealth\\packages\\express-backend\\user-services.js": {"path":"C:\\Users\\cgmap\\Documents\\cal poly\\CutecoreHealth\\packages\\express-backend\\user-services.js","statementMap":{"0":{"start":{"line":8,"column":0},"end":{"line":8,"column":28}},"1":{"start":{"line":11,"column":0},"end":{"line":11,"column":16}},"2":{"start":{"line":12,"column":0},"end":{"line":12,"column":18}},"3":{"start":{"line":14,"column":25},"end":{"line":14,"column":48}},"4":{"start":{"line":16,"column":0},"end":{"line":23,"column":5}},"5":{"start":{"line":22,"column":4},"end":{"line":22,"column":57}},"6":{"start":{"line":27,"column":2},"end":{"line":31,"column":3}},"7":{"start":{"line":28,"column":4},"end":{"line":28,"column":31}},"8":{"start":{"line":29,"column":9},"end":{"line":31,"column":3}},"9":{"start":{"line":30,"column":4},"end":{"line":30,"column":37}},"10":{"start":{"line":32,"column":2},"end":{"line":32,"column":17}},"11":{"start":{"line":36,"column":2},"end":{"line":38,"column":3}},"12":{"start":{"line":37,"column":4},"end":{"line":37,"column":47}},"13":{"start":{"line":40,"column":23},"end":{"line":40,"column":52}},"14":{"start":{"line":41,"column":2},"end":{"line":43,"column":3}},"15":{"start":{"line":42,"column":4},"end":{"line":42,"column":43}},"16":{"start":{"line":45,"column":25},"end":{"line":45,"column":56}},"17":{"start":{"line":47,"column":18},"end":{"line":50,"column":4}},"18":{"start":{"line":51,"column":2},"end":{"line":51,"column":23}},"19":{"start":{"line":52,"column":2},"end":{"line":52,"column":23}},"20":{"start":{"line":54,"column":2},"end":{"line":54,"column":17}},"21":{"start":{"line":58,"column":2},"end":{"line":58,"column":32}},"22":{"start":{"line":62,"column":2},"end":{"line":62,"column":42}},"23":{"start":{"line":66,"column":2},"end":{"line":66,"column":41}}},"fnMap":{"0":{"name":"(anonymous_0)","decl":{"start":{"line":21,"column":9},"end":{"line":21,"column":10}},"loc":{"start":{"line":21,"column":20},"end":{"line":23,"column":3}},"line":21},"1":{"name":"getUsers","decl":{"start":{"line":25,"column":9},"end":{"line":25,"column":17}},"loc":{"start":{"line":25,"column":31},"end":{"line":33,"column":1}},"line":25},"2":{"name":"addUser","decl":{"start":{"line":35,"column":15},"end":{"line":35,"column":22}},"loc":{"start":{"line":35,"column":40},"end":{"line":55,"column":1}},"line":35},"3":{"name":"findUserById","decl":{"start":{"line":57,"column":9},"end":{"line":57,"column":21}},"loc":{"start":{"line":57,"column":26},"end":{"line":59,"column":1}},"line":57},"4":{"name":"findUserByEmail","decl":{"start":{"line":61,"column":9},"end":{"line":61,"column":24}},"loc":{"start":{"line":61,"column":32},"end":{"line":63,"column":1}},"line":61},"5":{"name":"deleteUserById","decl":{"start":{"line":65,"column":9},"end":{"line":65,"column":23}},"loc":{"start":{"line":65,"column":28},"end":{"line":67,"column":1}},"line":65}},"branchMap":{"0":{"loc":{"start":{"line":27,"column":2},"end":{"line":31,"column":3}},"type":"if","locations":[{"start":{"line":27,"column":2},"end":{"line":31,"column":3}},{"start":{"line":29,"column":9},"end":{"line":31,"column":3}}],"line":27},"1":{"loc":{"start":{"line":29,"column":9},"end":{"line":31,"column":3}},"type":"if","locations":[{"start":{"line":29,"column":9},"end":{"line":31,"column":3}},{"start":{},"end":{}}],"line":29},"2":{"loc":{"start":{"line":36,"column":2},"end":{"line":38,"column":3}},"type":"if","locations":[{"start":{"line":36,"column":2},"end":{"line":38,"column":3}},{"start":{},"end":{}}],"line":36},"3":{"loc":{"start":{"line":36,"column":6},"end":{"line":36,"column":25}},"type":"binary-expr","locations":[{"start":{"line":36,"column":6},"end":{"line":36,"column":12}},{"start":{"line":36,"column":16},"end":{"line":36,"column":25}}],"line":36},"4":{"loc":{"start":{"line":41,"column":2},"end":{"line":43,"column":3}},"type":"if","locations":[{"start":{"line":41,"column":2},"end":{"line":43,"column":3}},{"start":{},"end":{}}],"line":41}},"s":{"0":1,"1":1,"2":1,"3":1,"4":1,"5":0,"6":2,"7":1,"8":1,"9":1,"10":2,"11":4,"12":1,"13":3,"14":3,"15":1,"16":2,"17":2,"18":2,"19":2,"20":2,"21":2,"22":2,"23":6},"f":{"0":0,"1":2,"2":4,"3":2,"4":2,"5":6},"b":{"0":[1,1],"1":[1,0],"2":[1,3],"3":[4,3],"4":[1,2]},"inputSourceMap":null,"_coverageSchema":"1a1c01bbd47fc00a2c39e90264f33305004495a9","hash":"cbaf17b84c1900c7fdbc33d34c20410d0ac04368"}
,"C:\\Users\\cgmap\\Documents\\cal poly\\CutecoreHealth\\packages\\express-backend\\schemas\\user.js": {"path":"C:\\Users\\cgmap\\Documents\\cal poly\\CutecoreHealth\\packages\\express-backend\\schemas\\user.js","statementMap":{"0":{"start":{"line":3,"column":19},"end":{"line":20,"column":1}},"1":{"start":{"line":22,"column":13},"end":{"line":22,"column":47}}},"fnMap":{},"branchMap":{},"s":{"0":1,"1":1},"f":{},"b":{},"inputSourceMap":null,"_coverageSchema":"1a1c01bbd47fc00a2c39e90264f33305004495a9","hash":"451f7556c9e3fbb6ce0f0a91ddf7503f7f5e054f"}
}
