TN:
SF:db.js
FN:15,(anonymous_0)
FNF:1
FNH:1
FNDA:1,(anonymous_0)
DA:3,1
DA:5,1
DA:8,1
DA:15,1
DA:16,1
DA:17,1
DA:18,1
DA:22,0
DA:24,1
LF:9
LH:8
BRDA:16,0,0,1
BRDA:16,0,1,0
BRF:2
BRH:1
end_of_record
TN:
SF:user-services.js
FN:25,(anonymous_0)
FN:29,getUsers
FN:39,findUserById
FN:43,findDiaryById
FN:47,addUser
FN:69,findUserByEmail
FN:73,deleteUserById
FN:77,deleteGoalbyId
FN:87,deleteReminderbyId
FN:97,deleteDiarybyId
FNF:10
FNH:5
FNDA:0,(anonymous_0)
FNDA:2,getUsers
FNDA:2,findUserById
FNDA:0,findDiaryById
FNDA:4,addUser
FNDA:2,findUserByEmail
FNDA:6,deleteUserById
FNDA:0,deleteGoalbyId
FNDA:0,deleteReminderbyId
FNDA:0,deleteDiarybyId
DA:12,1
DA:15,1
DA:16,1
DA:18,1
DA:20,1
DA:26,0
DA:31,2
DA:32,1
DA:33,1
DA:34,1
DA:36,2
DA:40,2
DA:44,0
DA:48,4
DA:49,1
DA:52,3
DA:53,3
DA:54,1
DA:57,2
DA:59,2
DA:63,2
DA:64,2
DA:66,2
DA:70,2
DA:74,6
DA:78,0
DA:79,0
DA:80,0
DA:82,0
DA:83,0
DA:88,0
DA:89,0
DA:90,0
DA:92,0
DA:93,0
DA:98,0
DA:99,0
DA:100,0
DA:102,0
DA:103,0
LF:40
LH:23
BRDA:31,0,0,1
BRDA:31,0,1,1
BRDA:33,1,0,1
BRDA:33,1,1,0
BRDA:48,2,0,1
BRDA:48,2,1,3
BRDA:48,3,0,4
BRDA:48,3,1,3
BRDA:53,4,0,1
BRDA:53,4,1,2
BRF:10
BRH:9
end_of_record
TN:
SF:schemas\diarySchema.js
FNF:0
FNH:0
DA:3,1
DA:25,1
LF:2
LH:2
BRF:0
BRH:0
end_of_record
TN:
SF:schemas\goalSchema.js
FNF:0
FNH:0
DA:3,1
DA:24,1
LF:2
LH:2
BRF:0
BRH:0
end_of_record
TN:
SF:schemas\reminderSchema.js
FNF:0
FNH:0
DA:3,1
DA:28,1
LF:2
LH:2
BRF:0
BRH:0
end_of_record
TN:
SF:schemas\user.js
FN:22,(anonymous_0)
FNF:1
FNH:0
FNDA:0,(anonymous_0)
DA:3,1
DA:22,1
DA:23,0
DA:26,1
LF:4
LH:3
BRF:0
BRH:0
end_of_record
