TN:
SF:db.js
FN:15,(anonymous_0)
FNF:1
FNH:1
FNDA:1,(anonymous_0)
DA:3,1
DA:5,1
DA:8,1
DA:15,1
DA:16,1
DA:17,1
DA:18,1
DA:22,0
DA:24,1
LF:9
LH:8
BRDA:16,0,0,1
BRDA:16,0,1,0
BRF:2
BRH:1
end_of_record
TN:
SF:user-services.js
FN:21,(anonymous_0)
FN:25,getUsers
FN:39,addUser
FN:61,findUserById
FN:65,findUserByEmail
FN:69,deleteUserById
FNF:6
FNH:5
FNDA:0,(anonymous_0)
FNDA:1,getUsers
FNDA:1,addUser
FNDA:2,findUserById
FNDA:1,findUserByEmail
FNDA:4,deleteUserById
DA:8,1
DA:11,1
DA:12,1
DA:14,1
DA:16,1
DA:22,0
DA:27,1
DA:28,1
DA:29,0
DA:30,0
DA:31,0
DA:32,0
DA:33,0
DA:34,0
DA:36,1
DA:40,1
DA:41,0
DA:44,1
DA:45,1
DA:46,0
DA:49,1
DA:51,1
DA:55,1
DA:56,1
DA:58,1
DA:62,2
DA:66,1
DA:70,4
LF:28
LH:19
BRDA:27,0,0,1
BRDA:27,0,1,0
BRDA:27,1,0,1
BRDA:27,1,1,1
BRDA:29,2,0,0
BRDA:29,2,1,0
BRDA:29,3,0,0
BRDA:29,3,1,0
BRDA:31,4,0,0
BRDA:31,4,1,0
BRDA:31,5,0,0
BRDA:31,5,1,0
BRDA:33,6,0,0
BRDA:33,6,1,0
BRDA:33,7,0,0
BRDA:33,7,1,0
BRDA:40,8,0,0
BRDA:40,8,1,1
BRDA:40,9,0,1
BRDA:40,9,1,1
BRDA:45,10,0,0
BRDA:45,10,1,1
BRF:22
BRH:7
end_of_record
TN:
SF:schemas\user.js
FNF:0
FNH:0
DA:3,1
DA:22,1
LF:2
LH:2
BRF:0
BRH:0
end_of_record
